<?xml version="1.0" encoding="UTF-8"?>
<!-- Generated by org.testng.reporters.JUnitReportReporter -->
<testsuite skipped="0" hostname="P3C-3YMPX52" name="SeleniumPack.JenkinsTest" tests="1" failures="0" timestamp="15 Dec 2016 10:43:54 GMT" time="28.766" errors="0">
  <testcase name="JenTest" time="28.766" classname="SeleniumPack.JenkinsTest"/>
</testsuite> <!-- SeleniumPack.JenkinsTest -->
